app/build/intermediates/manifest_merge_blame_file/debug/processDebugMainManifest/manifest-merger-blame-debug-report.txt
1<?xml version="1.0" encoding="utf-8"?>
2<manifest xmlns:android="http://schemas.android.com/apk/res/android"
3    package="com.example.imagis"
4    android:versionCode="1"
5    android:versionName="1.0" >
6
7    <uses-sdk
8        android:minSdkVersion="24"
9        android:targetSdkVersion="34" />
10
11    <uses-permission android:name="android.permission.INTERNET" />
11-->src\main\AndroidManifest.xml:5:5-67
11-->src\main\AndroidManifest.xml:5:22-64
12    <uses-permission android:name="com.android.providers.tv.permission.READ_EPG_DATA" />
12-->src\main\AndroidManifest.xml:6:5-89
12-->src\main\AndroidManifest.xml:6:22-86
13    <uses-permission android:name="com.android.providers.tv.permission.WRITE_EPG_DATA" />
13-->src\main\AndroidManifest.xml:7:5-90
13-->src\main\AndroidManifest.xml:7:22-87
14
15    <uses-feature
15-->src\main\AndroidManifest.xml:8:5-86
16        android:name="android.software.leanback"
16-->src\main\AndroidManifest.xml:8:19-59
17        android:required="true" />
17-->src\main\AndroidManifest.xml:8:60-83
18    <uses-feature
18-->src\main\AndroidManifest.xml:9:5-90
19        android:name="android.hardware.touchscreen"
19-->src\main\AndroidManifest.xml:9:19-62
20        android:required="false" />
20-->src\main\AndroidManifest.xml:9:63-87
21
22    <uses-permission android:name="android.permission.ACCESS_NETWORK_STATE" />
22-->[androidx.media3:media3-common:1.3.1] AndroidManifest.xml:22:5-79
22-->[androidx.media3:media3-common:1.3.1] AndroidManifest.xml:22:22-76
23    <uses-permission android:name="android.permission.WAKE_LOCK" />
23-->[androidx.work:work-runtime:2.9.0] AndroidManifest.xml:23:5-68
23-->[androidx.work:work-runtime:2.9.0] AndroidManifest.xml:23:22-65
24    <uses-permission android:name="android.permission.RECEIVE_BOOT_COMPLETED" />
24-->[androidx.work:work-runtime:2.9.0] AndroidManifest.xml:25:5-81
24-->[androidx.work:work-runtime:2.9.0] AndroidManifest.xml:25:22-78
25    <uses-permission android:name="android.permission.FOREGROUND_SERVICE" />
25-->[androidx.work:work-runtime:2.9.0] AndroidManifest.xml:26:5-77
25-->[androidx.work:work-runtime:2.9.0] AndroidManifest.xml:26:22-74
26
27    <permission
27-->[androidx.core:core:1.12.0] AndroidManifest.xml:22:5-24:47
28        android:name="com.example.imagis.DYNAMIC_RECEIVER_NOT_EXPORTED_PERMISSION"
28-->[androidx.core:core:1.12.0] AndroidManifest.xml:23:9-81
29        android:protectionLevel="signature" />
29-->[androidx.core:core:1.12.0] AndroidManifest.xml:24:9-44
30
31    <uses-permission android:name="com.example.imagis.DYNAMIC_RECEIVER_NOT_EXPORTED_PERMISSION" />
31-->[androidx.core:core:1.12.0] AndroidManifest.xml:26:5-97
31-->[androidx.core:core:1.12.0] AndroidManifest.xml:26:22-94
32
33    <application
33-->src\main\AndroidManifest.xml:11:5-87:19
34        android:allowBackup="true"
34-->src\main\AndroidManifest.xml:12:9-35
35        android:appComponentFactory="androidx.core.app.CoreComponentFactory"
35-->[androidx.core:core:1.12.0] AndroidManifest.xml:28:18-86
36        android:banner="@drawable/app_banner"
36-->src\main\AndroidManifest.xml:16:9-46
37        android:debuggable="true"
38        android:extractNativeLibs="false"
39        android:icon="@mipmap/ic_launcher"
39-->src\main\AndroidManifest.xml:13:9-43
40        android:label="iMagis"
40-->src\main\AndroidManifest.xml:14:9-31
41        android:theme="@style/Theme.Leanback"
41-->src\main\AndroidManifest.xml:17:9-46
42        android:usesCleartextTraffic="true" >
42-->src\main\AndroidManifest.xml:15:9-44
43        <activity
43-->src\main\AndroidManifest.xml:19:9-28:20
44            android:name="com.example.imagis.ui.SplashActivity"
44-->src\main\AndroidManifest.xml:20:13-46
45            android:exported="true"
45-->src\main\AndroidManifest.xml:21:13-36
46            android:screenOrientation="landscape"
46-->src\main\AndroidManifest.xml:22:13-50
47            android:theme="@style/Theme.AppCompat.NoActionBar" >
47-->src\main\AndroidManifest.xml:23:13-63
48            <intent-filter>
48-->src\main\AndroidManifest.xml:24:13-27:29
49                <action android:name="android.intent.action.MAIN" />
49-->src\main\AndroidManifest.xml:25:17-69
49-->src\main\AndroidManifest.xml:25:25-66
50
51                <category android:name="android.intent.category.LEANBACK_LAUNCHER" />
51-->src\main\AndroidManifest.xml:26:17-86
51-->src\main\AndroidManifest.xml:26:27-83
52            </intent-filter>
53        </activity>
54        <activity
54-->src\main\AndroidManifest.xml:30:9-33:53
55            android:name="com.example.imagis.ui.MainActivity"
55-->src\main\AndroidManifest.xml:31:13-44
56            android:exported="false"
56-->src\main\AndroidManifest.xml:32:13-37
57            android:screenOrientation="landscape" />
57-->src\main\AndroidManifest.xml:33:13-50
58        <activity android:name="com.example.imagis.ui.AnimeActivity" />
58-->src\main\AndroidManifest.xml:35:9-54
58-->src\main\AndroidManifest.xml:35:19-51
59        <activity android:name="com.example.imagis.ui.IptvActivity" />
59-->src\main\AndroidManifest.xml:36:9-53
59-->src\main\AndroidManifest.xml:36:19-50
60        <activity
60-->src\main\AndroidManifest.xml:38:9-39:131
61            android:name="com.example.imagis.ui.WebViewActivity"
61-->src\main\AndroidManifest.xml:38:19-53
62            android:configChanges="keyboard|keyboardHidden|orientation|screenSize|screenLayout|smallestScreenSize|uiMode" />
62-->src\main\AndroidManifest.xml:39:19-128
63        <activity
63-->src\main\AndroidManifest.xml:40:9-42:52
64            android:name="com.example.imagis.ui.PlayerActivity"
64-->src\main\AndroidManifest.xml:40:19-52
65            android:configChanges="keyboard|keyboardHidden|orientation|screenSize|screenLayout|smallestScreenSize|uiMode"
65-->src\main\AndroidManifest.xml:41:19-128
66            android:launchMode="singleTop" />
66-->src\main\AndroidManifest.xml:42:19-49
67        <activity
67-->src\main\AndroidManifest.xml:44:9-46:61
68            android:name="com.example.imagis.ui.DetailsActivity"
68-->src\main\AndroidManifest.xml:45:13-47
69            android:theme="@style/Theme.Leanback.Details" />
69-->src\main\AndroidManifest.xml:46:13-58
70        <activity
70-->src\main\AndroidManifest.xml:48:9-52:46
71            android:name="com.example.imagis.ui.VideoPlayerActivity"
71-->src\main\AndroidManifest.xml:49:13-51
72            android:configChanges="keyboard|keyboardHidden|orientation|screenSize|screenLayout|smallestScreenSize|uiMode"
72-->src\main\AndroidManifest.xml:51:13-122
73            android:launchMode="singleTop"
73-->src\main\AndroidManifest.xml:52:13-43
74            android:theme="@style/Theme.AppCompat.NoActionBar" />
74-->src\main\AndroidManifest.xml:50:13-63
75        <activity
75-->src\main\AndroidManifest.xml:54:9-56:64
76            android:name="com.example.imagis.ui.SettingsActivity"
76-->src\main\AndroidManifest.xml:55:13-48
77            android:theme="@style/Theme.Leanback.GuidedStep" />
77-->src\main\AndroidManifest.xml:56:13-61
78        <activity android:name="com.example.imagis.ui.DownloadsActivity" />
78-->src\main\AndroidManifest.xml:58:9-58
78-->src\main\AndroidManifest.xml:58:19-55
79        <activity android:name="com.example.imagis.ui.TvSeasonsActivity" />
79-->src\main\AndroidManifest.xml:59:9-58
79-->src\main\AndroidManifest.xml:59:19-55
80        <activity android:name="com.example.imagis.ui.AnimeDetailsActivity" />
80-->src\main\AndroidManifest.xml:60:9-61
80-->src\main\AndroidManifest.xml:60:19-58
81        <activity android:name="com.example.imagis.ui.AnimeSeriesActivity" />
81-->src\main\AndroidManifest.xml:61:9-60
81-->src\main\AndroidManifest.xml:61:19-57
82        <activity android:name="com.example.imagis.ui.PlatformBrowseActivity" />
82-->src\main\AndroidManifest.xml:62:9-63
82-->src\main\AndroidManifest.xml:62:19-60
83
84        <!-- FileProvider for sharing torrent files with external players (VLC, MX Player) -->
85        <provider
86            android:name="androidx.core.content.FileProvider"
86-->src\main\AndroidManifest.xml:66:13-62
87            android:authorities="com.example.imagis.fileprovider"
87-->src\main\AndroidManifest.xml:67:13-64
88            android:exported="false"
88-->src\main\AndroidManifest.xml:68:13-37
89            android:grantUriPermissions="true" >
89-->src\main\AndroidManifest.xml:69:13-47
90            <meta-data
90-->src\main\AndroidManifest.xml:70:13-72:63
91                android:name="android.support.FILE_PROVIDER_PATHS"
91-->src\main\AndroidManifest.xml:71:17-67
92                android:resource="@xml/file_provider_paths" />
92-->src\main\AndroidManifest.xml:72:17-60
93        </provider>
94
95        <!-- Required to publish channels to the Android TV Home Screen -->
96        <service
96-->src\main\AndroidManifest.xml:76:9-86:19
97            android:name="com.example.imagis.service.ImagisTvInputService"
97-->src\main\AndroidManifest.xml:77:13-57
98            android:exported="true"
98-->src\main\AndroidManifest.xml:79:13-36
99            android:permission="android.permission.BIND_TV_INPUT" >
99-->src\main\AndroidManifest.xml:78:13-66
100            <intent-filter>
100-->src\main\AndroidManifest.xml:80:13-82:29
101                <action android:name="android.media.tv.TvInputService" />
101-->src\main\AndroidManifest.xml:81:17-74
101-->src\main\AndroidManifest.xml:81:25-71
102            </intent-filter>
103
104            <meta-data
104-->src\main\AndroidManifest.xml:83:13-85:60
105                android:name="android.media.tv.input"
105-->src\main\AndroidManifest.xml:84:17-54
106                android:resource="@xml/tv_input_service" />
106-->src\main\AndroidManifest.xml:85:17-57
107        </service>
108
109        <provider
109-->[androidx.work:work-runtime:2.9.0] AndroidManifest.xml:29:9-37:20
110            android:name="androidx.startup.InitializationProvider"
110-->[androidx.work:work-runtime:2.9.0] AndroidManifest.xml:30:13-67
111            android:authorities="com.example.imagis.androidx-startup"
111-->[androidx.work:work-runtime:2.9.0] AndroidManifest.xml:31:13-68
112            android:exported="false" >
112-->[androidx.work:work-runtime:2.9.0] AndroidManifest.xml:32:13-37
113            <meta-data
113-->[androidx.work:work-runtime:2.9.0] AndroidManifest.xml:34:13-36:52
114                android:name="androidx.work.WorkManagerInitializer"
114-->[androidx.work:work-runtime:2.9.0] AndroidManifest.xml:35:17-68
115                android:value="androidx.startup" />
115-->[androidx.work:work-runtime:2.9.0] AndroidManifest.xml:36:17-49
116            <meta-data
116-->[androidx.emoji2:emoji2:1.3.0] AndroidManifest.xml:29:13-31:52
117                android:name="androidx.emoji2.text.EmojiCompatInitializer"
117-->[androidx.emoji2:emoji2:1.3.0] AndroidManifest.xml:30:17-75
118                android:value="androidx.startup" />
118-->[androidx.emoji2:emoji2:1.3.0] AndroidManifest.xml:31:17-49
119            <meta-data
119-->[androidx.lifecycle:lifecycle-process:2.7.0] AndroidManifest.xml:29:13-31:52
120                android:name="androidx.lifecycle.ProcessLifecycleInitializer"
120-->[androidx.lifecycle:lifecycle-process:2.7.0] AndroidManifest.xml:30:17-78
121                android:value="androidx.startup" />
121-->[androidx.lifecycle:lifecycle-process:2.7.0] AndroidManifest.xml:31:17-49
122            <meta-data
122-->[androidx.profileinstaller:profileinstaller:1.3.1] AndroidManifest.xml:29:13-31:52
123                android:name="androidx.profileinstaller.ProfileInstallerInitializer"
123-->[androidx.profileinstaller:profileinstaller:1.3.1] AndroidManifest.xml:30:17-85
124                android:value="androidx.startup" />
124-->[androidx.profileinstaller:profileinstaller:1.3.1] AndroidManifest.xml:31:17-49
125        </provider>
126
127        <service
127-->[androidx.work:work-runtime:2.9.0] AndroidManifest.xml:39:9-45:35
128            android:name="androidx.work.impl.background.systemalarm.SystemAlarmService"
128-->[androidx.work:work-runtime:2.9.0] AndroidManifest.xml:40:13-88
129            android:directBootAware="false"
129-->[androidx.work:work-runtime:2.9.0] AndroidManifest.xml:41:13-44
130            android:enabled="@bool/enable_system_alarm_service_default"
130-->[androidx.work:work-runtime:2.9.0] AndroidManifest.xml:42:13-72
131            android:exported="false" />
131-->[androidx.work:work-runtime:2.9.0] AndroidManifest.xml:43:13-37
132        <service
132-->[androidx.work:work-runtime:2.9.0] AndroidManifest.xml:46:9-52:35
133            android:name="androidx.work.impl.background.systemjob.SystemJobService"
133-->[androidx.work:work-runtime:2.9.0] AndroidManifest.xml:47:13-84
134            android:directBootAware="false"
134-->[androidx.work:work-runtime:2.9.0] AndroidManifest.xml:48:13-44
135            android:enabled="@bool/enable_system_job_service_default"
135-->[androidx.work:work-runtime:2.9.0] AndroidManifest.xml:49:13-70
136            android:exported="true"
136-->[androidx.work:work-runtime:2.9.0] AndroidManifest.xml:50:13-36
137            android:permission="android.permission.BIND_JOB_SERVICE" />
137-->[androidx.work:work-runtime:2.9.0] AndroidManifest.xml:51:13-69
138        <service
138-->[androidx.work:work-runtime:2.9.0] AndroidManifest.xml:53:9-59:35
139            android:name="androidx.work.impl.foreground.SystemForegroundService"
139-->[androidx.work:work-runtime:2.9.0] AndroidManifest.xml:54:13-81
140            android:directBootAware="false"
140-->[androidx.work:work-runtime:2.9.0] AndroidManifest.xml:55:13-44
141            android:enabled="@bool/enable_system_foreground_service_default"
141-->[androidx.work:work-runtime:2.9.0] AndroidManifest.xml:56:13-77
142            android:exported="false" />
142-->[androidx.work:work-runtime:2.9.0] AndroidManifest.xml:57:13-37
143
144        <receiver
144-->[androidx.work:work-runtime:2.9.0] AndroidManifest.xml:61:9-66:35
145            android:name="androidx.work.impl.utils.ForceStopRunnable$BroadcastReceiver"
145-->[androidx.work:work-runtime:2.9.0] AndroidManifest.xml:62:13-88
146            android:directBootAware="false"
146-->[androidx.work:work-runtime:2.9.0] AndroidManifest.xml:63:13-44
147            android:enabled="true"
147-->[androidx.work:work-runtime:2.9.0] AndroidManifest.xml:64:13-35
148            android:exported="false" />
148-->[androidx.work:work-runtime:2.9.0] AndroidManifest.xml:65:13-37
149        <receiver
149-->[androidx.work:work-runtime:2.9.0] AndroidManifest.xml:67:9-77:20
150            android:name="androidx.work.impl.background.systemalarm.ConstraintProxy$BatteryChargingProxy"
150-->[androidx.work:work-runtime:2.9.0] AndroidManifest.xml:68:13-106
151            android:directBootAware="false"
151-->[androidx.work:work-runtime:2.9.0] AndroidManifest.xml:69:13-44
152            android:enabled="false"
152-->[androidx.work:work-runtime:2.9.0] AndroidManifest.xml:70:13-36
153            android:exported="false" >
153-->[androidx.work:work-runtime:2.9.0] AndroidManifest.xml:71:13-37
154            <intent-filter>
154-->[androidx.work:work-runtime:2.9.0] AndroidManifest.xml:73:13-76:29
155                <action android:name="android.intent.action.ACTION_POWER_CONNECTED" />
155-->[androidx.work:work-runtime:2.9.0] AndroidManifest.xml:74:17-87
155-->[androidx.work:work-runtime:2.9.0] AndroidManifest.xml:74:25-84
156                <action android:name="android.intent.action.ACTION_POWER_DISCONNECTED" />
156-->[androidx.work:work-runtime:2.9.0] AndroidManifest.xml:75:17-90
156-->[androidx.work:work-runtime:2.9.0] AndroidManifest.xml:75:25-87
157            </intent-filter>
158        </receiver>
159        <receiver
159-->[androidx.work:work-runtime:2.9.0] AndroidManifest.xml:78:9-88:20
160            android:name="androidx.work.impl.background.systemalarm.ConstraintProxy$BatteryNotLowProxy"
160-->[androidx.work:work-runtime:2.9.0] AndroidManifest.xml:79:13-104
161            android:directBootAware="false"
161-->[androidx.work:work-runtime:2.9.0] AndroidManifest.xml:80:13-44
162            android:enabled="false"
162-->[androidx.work:work-runtime:2.9.0] AndroidManifest.xml:81:13-36
163            android:exported="false" >
163-->[androidx.work:work-runtime:2.9.0] AndroidManifest.xml:82:13-37
164            <intent-filter>
164-->[androidx.work:work-runtime:2.9.0] AndroidManifest.xml:84:13-87:29
165                <action android:name="android.intent.action.BATTERY_OKAY" />
165-->[androidx.work:work-runtime:2.9.0] AndroidManifest.xml:85:17-77
165-->[androidx.work:work-runtime:2.9.0] AndroidManifest.xml:85:25-74
166                <action android:name="android.intent.action.BATTERY_LOW" />
166-->[androidx.work:work-runtime:2.9.0] AndroidManifest.xml:86:17-76
166-->[androidx.work:work-runtime:2.9.0] AndroidManifest.xml:86:25-73
167            </intent-filter>
168        </receiver>
169        <receiver
169-->[androidx.work:work-runtime:2.9.0] AndroidManifest.xml:89:9-99:20
170            android:name="androidx.work.impl.background.systemalarm.ConstraintProxy$StorageNotLowProxy"
170-->[androidx.work:work-runtime:2.9.0] AndroidManifest.xml:90:13-104
171            android:directBootAware="false"
171-->[androidx.work:work-runtime:2.9.0] AndroidManifest.xml:91:13-44
172            android:enabled="false"
172-->[androidx.work:work-runtime:2.9.0] AndroidManifest.xml:92:13-36
173            android:exported="false" >
173-->[androidx.work:work-runtime:2.9.0] AndroidManifest.xml:93:13-37
174            <intent-filter>
174-->[androidx.work:work-runtime:2.9.0] AndroidManifest.xml:95:13-98:29
175                <action android:name="android.intent.action.DEVICE_STORAGE_LOW" />
175-->[androidx.work:work-runtime:2.9.0] AndroidManifest.xml:96:17-83
175-->[androidx.work:work-runtime:2.9.0] AndroidManifest.xml:96:25-80
176                <action android:name="android.intent.action.DEVICE_STORAGE_OK" />
176-->[androidx.work:work-runtime:2.9.0] AndroidManifest.xml:97:17-82
176-->[androidx.work:work-runtime:2.9.0] AndroidManifest.xml:97:25-79
177            </intent-filter>
178        </receiver>
179        <receiver
179-->[androidx.work:work-runtime:2.9.0] AndroidManifest.xml:100:9-109:20
180            android:name="androidx.work.impl.background.systemalarm.ConstraintProxy$NetworkStateProxy"
180-->[androidx.work:work-runtime:2.9.0] AndroidManifest.xml:101:13-103
181            android:directBootAware="false"
181-->[androidx.work:work-runtime:2.9.0] AndroidManifest.xml:102:13-44
182            android:enabled="false"
182-->[androidx.work:work-runtime:2.9.0] AndroidManifest.xml:103:13-36
183            android:exported="false" >
183-->[androidx.work:work-runtime:2.9.0] AndroidManifest.xml:104:13-37
184            <intent-filter>
184-->[androidx.work:work-runtime:2.9.0] AndroidManifest.xml:106:13-108:29
185                <action android:name="android.net.conn.CONNECTIVITY_CHANGE" />
185-->[androidx.work:work-runtime:2.9.0] AndroidManifest.xml:107:17-79
185-->[androidx.work:work-runtime:2.9.0] AndroidManifest.xml:107:25-76
186            </intent-filter>
187        </receiver>
188        <receiver
188-->[androidx.work:work-runtime:2.9.0] AndroidManifest.xml:110:9-121:20
189            android:name="androidx.work.impl.background.systemalarm.RescheduleReceiver"
189-->[androidx.work:work-runtime:2.9.0] AndroidManifest.xml:111:13-88
190            android:directBootAware="false"
190-->[androidx.work:work-runtime:2.9.0] AndroidManifest.xml:112:13-44
191            android:enabled="false"
191-->[androidx.work:work-runtime:2.9.0] AndroidManifest.xml:113:13-36
192            android:exported="false" >
192-->[androidx.work:work-runtime:2.9.0] AndroidManifest.xml:114:13-37
193            <intent-filter>
193-->[androidx.work:work-runtime:2.9.0] AndroidManifest.xml:116:13-120:29
194                <action android:name="android.intent.action.BOOT_COMPLETED" />
194-->[androidx.work:work-runtime:2.9.0] AndroidManifest.xml:117:17-79
194-->[androidx.work:work-runtime:2.9.0] AndroidManifest.xml:117:25-76
195                <action android:name="android.intent.action.TIME_SET" />
195-->[androidx.work:work-runtime:2.9.0] AndroidManifest.xml:118:17-73
195-->[androidx.work:work-runtime:2.9.0] AndroidManifest.xml:118:25-70
196                <action android:name="android.intent.action.TIMEZONE_CHANGED" />
196-->[androidx.work:work-runtime:2.9.0] AndroidManifest.xml:119:17-81
196-->[androidx.work:work-runtime:2.9.0] AndroidManifest.xml:119:25-78
197            </intent-filter>
198        </receiver>
199        <receiver
199-->[androidx.work:work-runtime:2.9.0] AndroidManifest.xml:122:9-131:20
200            android:name="androidx.work.impl.background.systemalarm.ConstraintProxyUpdateReceiver"
200-->[androidx.work:work-runtime:2.9.0] AndroidManifest.xml:123:13-99
201            android:directBootAware="false"
201-->[androidx.work:work-runtime:2.9.0] AndroidManifest.xml:124:13-44
202            android:enabled="@bool/enable_system_alarm_service_default"
202-->[androidx.work:work-runtime:2.9.0] AndroidManifest.xml:125:13-72
203            android:exported="false" >
203-->[androidx.work:work-runtime:2.9.0] AndroidManifest.xml:126:13-37
204            <intent-filter>
204-->[androidx.work:work-runtime:2.9.0] AndroidManifest.xml:128:13-130:29
205                <action android:name="androidx.work.impl.background.systemalarm.UpdateProxies" />
205-->[androidx.work:work-runtime:2.9.0] AndroidManifest.xml:129:17-98
205-->[androidx.work:work-runtime:2.9.0] AndroidManifest.xml:129:25-95
206            </intent-filter>
207        </receiver>
208        <receiver
208-->[androidx.work:work-runtime:2.9.0] AndroidManifest.xml:132:9-142:20
209            android:name="androidx.work.impl.diagnostics.DiagnosticsReceiver"
209-->[androidx.work:work-runtime:2.9.0] AndroidManifest.xml:133:13-78
210            android:directBootAware="false"
210-->[androidx.work:work-runtime:2.9.0] AndroidManifest.xml:134:13-44
211            android:enabled="true"
211-->[androidx.work:work-runtime:2.9.0] AndroidManifest.xml:135:13-35
212            android:exported="true"
212-->[androidx.work:work-runtime:2.9.0] AndroidManifest.xml:136:13-36
213            android:permission="android.permission.DUMP" >
213-->[androidx.work:work-runtime:2.9.0] AndroidManifest.xml:137:13-57
214            <intent-filter>
214-->[androidx.work:work-runtime:2.9.0] AndroidManifest.xml:139:13-141:29
215                <action android:name="androidx.work.diagnostics.REQUEST_DIAGNOSTICS" />
215-->[androidx.work:work-runtime:2.9.0] AndroidManifest.xml:140:17-88
215-->[androidx.work:work-runtime:2.9.0] AndroidManifest.xml:140:25-85
216            </intent-filter>
217        </receiver>
218
219        <activity
219-->[androidx.compose.ui:ui-tooling-android:1.6.8] AndroidManifest.xml:23:9-25:39
220            android:name="androidx.compose.ui.tooling.PreviewActivity"
220-->[androidx.compose.ui:ui-tooling-android:1.6.8] AndroidManifest.xml:24:13-71
221            android:exported="true" />
221-->[androidx.compose.ui:ui-tooling-android:1.6.8] AndroidManifest.xml:25:13-36
222
223        <service
223-->[androidx.room:room-runtime:2.6.1] AndroidManifest.xml:24:9-28:63
224            android:name="androidx.room.MultiInstanceInvalidationService"
224-->[androidx.room:room-runtime:2.6.1] AndroidManifest.xml:25:13-74
225            android:directBootAware="true"
225-->[androidx.room:room-runtime:2.6.1] AndroidManifest.xml:26:13-43
226            android:exported="false" />
226-->[androidx.room:room-runtime:2.6.1] AndroidManifest.xml:27:13-37
227
228        <receiver
228-->[androidx.profileinstaller:profileinstaller:1.3.1] AndroidManifest.xml:34:9-52:20
229            android:name="androidx.profileinstaller.ProfileInstallReceiver"
229-->[androidx.profileinstaller:profileinstaller:1.3.1] AndroidManifest.xml:35:13-76
230            android:directBootAware="false"
230-->[androidx.profileinstaller:profileinstaller:1.3.1] AndroidManifest.xml:36:13-44
231            android:enabled="true"
231-->[androidx.profileinstaller:profileinstaller:1.3.1] AndroidManifest.xml:37:13-35
232            android:exported="true"
232-->[androidx.profileinstaller:profileinstaller:1.3.1] AndroidManifest.xml:38:13-36
233            android:permission="android.permission.DUMP" >
233-->[androidx.profileinstaller:profileinstaller:1.3.1] AndroidManifest.xml:39:13-57
234            <intent-filter>
234-->[androidx.profileinstaller:profileinstaller:1.3.1] AndroidManifest.xml:40:13-42:29
235                <action android:name="androidx.profileinstaller.action.INSTALL_PROFILE" />
235-->[androidx.profileinstaller:profileinstaller:1.3.1] AndroidManifest.xml:41:17-91
235-->[androidx.profileinstaller:profileinstaller:1.3.1] AndroidManifest.xml:41:25-88
236            </intent-filter>
237            <intent-filter>
237-->[androidx.profileinstaller:profileinstaller:1.3.1] AndroidManifest.xml:43:13-45:29
238                <action android:name="androidx.profileinstaller.action.SKIP_FILE" />
238-->[androidx.profileinstaller:profileinstaller:1.3.1] AndroidManifest.xml:44:17-85
238-->[androidx.profileinstaller:profileinstaller:1.3.1] AndroidManifest.xml:44:25-82
239            </intent-filter>
240            <intent-filter>
240-->[androidx.profileinstaller:profileinstaller:1.3.1] AndroidManifest.xml:46:13-48:29
241                <action android:name="androidx.profileinstaller.action.SAVE_PROFILE" />
241-->[androidx.profileinstaller:profileinstaller:1.3.1] AndroidManifest.xml:47:17-88
241-->[androidx.profileinstaller:profileinstaller:1.3.1] AndroidManifest.xml:47:25-85
242            </intent-filter>
243            <intent-filter>
243-->[androidx.profileinstaller:profileinstaller:1.3.1] AndroidManifest.xml:49:13-51:29
244                <action android:name="androidx.profileinstaller.action.BENCHMARK_OPERATION" />
244-->[androidx.profileinstaller:profileinstaller:1.3.1] AndroidManifest.xml:50:17-95
244-->[androidx.profileinstaller:profileinstaller:1.3.1] AndroidManifest.xml:50:25-92
245            </intent-filter>
246        </receiver>
247    </application>
248
249</manifest>